-------------------------------------------------------------------------------
Test set: org.test.api.AuthTest
-------------------------------------------------------------------------------
Tests run: 2, Failures: 0, Errors: 1, Skipped: 0, Time elapsed: 4.332 s <<< FAILURE! - in org.test.api.AuthTest
org.test.api.AuthTest.criarTokenAutenticacao  Time elapsed: 0.315 s  <<< ERROR!
org.test.api.ApiTestException: 
Erro ao criar token de autenticação: 1 expectation failed.
JSON path token doesn't match.
Expected: not null
  Actual: null

	at org.test.api.AuthTest.criarTokenAutenticacao(AuthTest.java:54)

