<?xml version="1.0" encoding="UTF-8"?>
<testsuite xmlns:xsi="http://www.w3.org/2001/XMLSchema-instance" xsi:noNamespaceSchemaLocation="https://maven.apache.org/surefire/maven-surefire-plugin/xsd/surefire-test-report-3.0.xsd" version="3.0" name="org.test.api.AuthTest" time="4.332" tests="2" errors="1" skipped="0" failures="0">
  <properties>
[...]
</properties>
  <testcase name="buscarStatusDaAplicacao" classname="org.test.api.AuthTest" time="3.418">
    <system-out><![CDATA[Status da aplicação: ok
]]></system-out>
  </testcase>
  <testcase name="criarTokenAutenticacao" classname="org.test.api.AuthTest" time="0.315">
    <error type="org.test.api.ApiTestException"><![CDATA[org.test.api.ApiTestException: 
Erro ao criar token de autenticação: 1 expectation failed.
JSON path token doesn't match.
Expected: not null
  Actual: null

	at org.test.api.AuthTest.criarTokenAutenticacao(AuthTest.java:54)
]]></error>
  </testcase>
</testsuite>